#
# A fatal error has been detected by the Java Runtime Environment:
#
#  EXCEPTION_ACCESS_VIOLATION (0xc0000005) at pc=0x00000000, pid=4768, tid=4888
#
# JRE version: Java(TM) SE Runtime Environment (8.0_60-b27) (build 1.8.0_60-b27)
# Java VM: Java HotSpot(TM) Client VM (25.60-b23 mixed mode windows-x86 )
# Problematic frame:
# C  0x00000000
#
# Failed to write core dump. Minidumps are not enabled by default on client versions of Windows
#
# If you would like to submit a bug report, please visit:
#   http://bugreport.java.com/bugreport/crash.jsp
# The crash happened outside the Java Virtual Machine in native code.
# See problematic frame for where to report the bug.
#

---------------  T H R E A D  ---------------

Current thread (0x0034d800):  JavaThread "main" [_thread_in_native, id=4888, stack(0x00a00000,0x00a50000)]

siginfo: ExceptionCode=0xc0000005, ExceptionInformation=0x00000008 0x00000000

Registers:
EAX=0x00a4e32c, EBX=0x00000000, ECX=0x00000003, EDX=0x00000003
ESP=0x00a4e29c, EBP=0x00a4e2d4, ESI=0x7737fd04, EDI=0x00000000
EIP=0x00000000, EFLAGS=0x00010207

Top of Stack: (sp=0x00a4e29c)
0x00a4e29c:   2c63798b 000001a8 00000000 00000000
0x00a4e2ac:   00000000 00a4e32c 00a4e374 00000268
0x00a4e2bc:   00000003 00000001 00a4e358 00000000
0x00a4e2cc:   00580056 14cac9a8 00a4e5e0 7655992d
0x00a4e2dc:   000001a8 00000000 00000000 00000000
0x00a4e2ec:   00a4e32c 00a4e374 00000268 00000003
0x00a4e2fc:   00000001 00a4e358 00000000 14cac9fe
0x00a4e30c:   00a4e65c 00a4e902 00000018 00000000 

Instructions: (pc=0x00000000)
0xffffffe0:   


Register to memory mapping:

EAX=0x00a4e32c is pointing into the stack for thread: 0x0034d800
EBX=0x00000000 is an unknown value
ECX=0x00000003 is an unknown value
EDX=0x00000003 is an unknown value
ESP=0x00a4e29c is pointing into the stack for thread: 0x0034d800
EBP=0x00a4e2d4 is pointing into the stack for thread: 0x0034d800
ESI=0x7737fd04 is an unknown value
EDI=0x00000000 is an unknown value


Stack: [0x00a00000,0x00a50000],  sp=0x00a4e29c,  free space=312k
Java frames: (J=compiled Java code, j=interpreted, Vv=VM code)
j  java.io.WinNTFileSystem.canonicalize0(Ljava/lang/String;)Ljava/lang/String;+0
j  java.io.WinNTFileSystem.canonicalize(Ljava/lang/String;)Ljava/lang/String;+298
j  java.io.File.getCanonicalPath()Ljava/lang/String;+27
j  java.io.File.getCanonicalFile()Ljava/io/File;+1
j  sun.misc.MetaIndex.registerDirectory(Ljava/io/File;)V+57
j  sun.misc.Launcher$ExtClassLoader$1.run()Lsun/misc/Launcher$ExtClassLoader;+19
j  sun.misc.Launcher$ExtClassLoader$1.run()Ljava/lang/Object;+1
v  ~StubRoutines::call_stub
j  java.security.AccessController.doPrivileged(Ljava/security/PrivilegedExceptionAction;)Ljava/lang/Object;+0
j  sun.misc.Launcher$ExtClassLoader.getExtClassLoader()Lsun/misc/Launcher$ExtClassLoader;+12
j  sun.misc.Launcher.<init>()V+4
j  sun.misc.Launcher.<clinit>()V+15
v  ~StubRoutines::call_stub
j  java.lang.ClassLoader.initSystemClassLoader()V+22
j  java.lang.ClassLoader.getSystemClassLoader()Ljava/lang/ClassLoader;+0
v  ~StubRoutines::call_stub

---------------  P R O C E S S  ---------------

Java Threads: ( => current thread )
  0x14c7a000 JavaThread "Finalizer" daemon [_thread_blocked, id=4740, stack(0x15150000,0x151a0000)]
  0x14c75000 JavaThread "Reference Handler" daemon [_thread_blocked, id=4908, stack(0x150e0000,0x15130000)]
=>0x0034d800 JavaThread "main" [_thread_in_native, id=4888, stack(0x00a00000,0x00a50000)]

Other Threads:
  0x14c6e400 VMThread [stack: 0x15000000,0x15050000] [id=4896]

VM state:not at safepoint (normal execution)

VM Mutex/Monitor currently owned by a thread: None

Heap:
 def new generation   total 4928K, used 269K [0x04800000, 0x04d50000, 0x09d50000)
  eden space 4416K,   6% used [0x04800000, 0x04843480, 0x04c50000)
  from space 512K,   0% used [0x04c50000, 0x04c50000, 0x04cd0000)
  to   space 512K,   0% used [0x04cd0000, 0x04cd0000, 0x04d50000)
 tenured generation   total 10944K, used 0K [0x09d50000, 0x0a800000, 0x14800000)
   the space 10944K,   0% used [0x09d50000, 0x09d50000, 0x09d50200, 0x0a800000)
 Metaspace       used 1126K, capacity 2240K, committed 2240K, reserved 4480K

Card table byte_map: [0x00c10000,0x00ca0000] byte_map_base: 0x00bec000

Polling page: 0x001b0000

CodeCache: size=32768Kb used=339Kb max_used=339Kb free=32428Kb
 bounds [0x02710000, 0x02768000, 0x04710000]
 total_blobs=90 nmethods=0 adapters=60
 compilation: enabled

Compilation events (0 events):
No events

GC Heap History (0 events):
No events

Deoptimization events (0 events):
No events

Internal exceptions (2 events):
Event: 0.061 Thread 0x0034d800 Exception <a 'java/lang/NoSuchMethodError': Method sun.misc.Unsafe.defineClass(Ljava/lang/String;[BII)Ljava/lang/Class; name or signature does not match> (0x0480d748) thrown at [D:\re\puppet\workspace\8-2-build-windows-i586-cygwin\jdk8u60\4407\hotspot\src\í=‚ÁQ¯?
Event: 0.061 Thread 0x0034d800 Exception <a 'java/lang/NoSuchMethodError': Method sun.misc.Unsafe.prefetchRead(Ljava/lang/Object;J)V name or signature does not match> (0x0480da18) thrown at [D:\re\puppet\workspace\8-2-build-windows-i586-cygwin\jdk8u60\4407\hotspot\src\share\vm\prims\jni

Events (10 events):
Event: 0.077 loading class java/io/InputStreamReader done
Event: 0.077 loading class java/io/FileReader done
Event: 0.077 loading class sun/nio/cs/StreamDecoder
Event: 0.078 loading class sun/nio/cs/StreamDecoder done
Event: 0.078 loading class sun/nio/cs/UTF_8$Decoder
Event: 0.078 loading class sun/nio/cs/ArrayDecoder
Event: 0.078 loading class sun/nio/cs/ArrayDecoder done
Event: 0.078 loading class java/nio/charset/CharsetDecoder
Event: 0.078 loading class java/nio/charset/CharsetDecoder done
Event: 0.078 loading class sun/nio/cs/UTF_8$Decoder done


Dynamic libraries:
0x00ca0000 - 0x00cd3000 	C:\Program Files (x86)\Java\jdk1.8.0_60\bin\javaw.exe
0x77360000 - 0x774e0000 	C:\Windows\SysWOW64\ntdll.dll
0x751e0000 - 0x752e0000 	C:\Windows\syswow64\kernel32.dll
0x76540000 - 0x76586000 	C:\Windows\syswow64\KERNELBASE.dll
0x76ec0000 - 0x76f60000 	C:\Windows\syswow64\ADVAPI32.dll
0x74fa0000 - 0x7504c000 	C:\Windows\syswow64\msvcrt.dll
0x751c0000 - 0x751d9000 	C:\Windows\SysWOW64\sechost.dll
0x76390000 - 0x76480000 	C:\Windows\syswow64\RPCRT4.dll
0x74ed0000 - 0x74f30000 	C:\Windows\syswow64\SspiCli.dll
0x74ec0000 - 0x74ecc000 	C:\Windows\syswow64\CRYPTBASE.dll
0x760d0000 - 0x761d0000 	C:\Windows\syswow64\USER32.dll
0x76480000 - 0x76510000 	C:\Windows\syswow64\GDI32.dll
0x77330000 - 0x7733a000 	C:\Windows\syswow64\LPK.dll
0x75050000 - 0x750ed000 	C:\Windows\syswow64\USP10.dll
0x74770000 - 0x7490e000 	C:\Windows\WinSxS\x86_microsoft.windows.common-controls_6595b64144ccf1df_6.0.7600.16385_none_421189da2b7fabfc\COMCTL32.dll
0x76e30000 - 0x76e87000 	C:\Windows\syswow64\SHLWAPI.dll
0x75160000 - 0x751c0000 	C:\Windows\system32\IMM32.DLL
0x76270000 - 0x7633c000 	C:\Windows\syswow64\MSCTF.dll
0x74590000 - 0x7464f000 	C:\Program Files (x86)\Java\jdk1.8.0_60\jre\bin\msvcr100.dll
0x72c70000 - 0x73035000 	C:\Program Files (x86)\Java\jdk1.8.0_60\jre\bin\client\jvm.dll
0x74720000 - 0x74727000 	C:\Windows\system32\WSOCK32.dll
0x76340000 - 0x76375000 	C:\Windows\syswow64\WS2_32.dll
0x76380000 - 0x76386000 	C:\Windows\syswow64\NSI.dll
0x746e0000 - 0x74712000 	C:\Windows\system32\WINMM.dll
0x74df0000 - 0x74df9000 	C:\Windows\system32\VERSION.dll
0x750f0000 - 0x750f5000 	C:\Windows\syswow64\PSAPI.DLL
0x74dc0000 - 0x74dcc000 	C:\Program Files (x86)\Java\jdk1.8.0_60\jre\bin\verify.dll
0x74bd0000 - 0x74bf1000 	C:\Program Files (x86)\Java\jdk1.8.0_60\jre\bin\java.dll
0x74570000 - 0x74583000 	C:\Program Files (x86)\Java\jdk1.8.0_60\jre\bin\zip.dll
0x752e0000 - 0x75f29000 	C:\Windows\syswow64\SHELL32.dll
0x75f40000 - 0x7609c000 	C:\Windows\syswow64\ole32.dll
0x74e00000 - 0x74e0b000 	C:\Windows\system32\profapi.dll
0x72b80000 - 0x72c6b000 	C:\Windows\system32\dbghelp.dll

VM Arguments:
jvm_args: -Dfile.encoding=UTF-8 
java_command: com.example.demo.Demo4Application
java_class_path (initial): D:\kiran\demo4\target\classes;C:\Users\kiran\.m2\repository\org\springframework\boot\spring-boot-starter-web\1.5.10.RELEASE\spring-boot-starter-web-1.5.10.RELEASE.jar;C:\Users\kiran\.m2\repository\org\springframework\boot\spring-boot-starter\1.5.10.RELEASE\spring-boot-starter-1.5.10.RELEASE.jar;C:\Users\kiran\.m2\repository\org\springframework\boot\spring-boot\1.5.10.RELEASE\spring-boot-1.5.10.RELEASE.jar;C:\Users\kiran\.m2\repository\org\springframework\boot\spring-boot-autoconfigure\1.5.10.RELEASE\spring-boot-autoconfigure-1.5.10.RELEASE.jar;C:\Users\kiran\.m2\repository\org\springframework\boot\spring-boot-starter-logging\1.5.10.RELEASE\spring-boot-starter-logging-1.5.10.RELEASE.jar;C:\Users\kiran\.m2\repository\ch\qos\logback\logback-classic\1.1.11\logback-classic-1.1.11.jar;C:\Users\kiran\.m2\repository\ch\qos\logback\logback-core\1.1.11\logback-core-1.1.11.jar;C:\Users\kiran\.m2\repository\org\slf4j\jcl-over-slf4j\1.7.25\jcl-over-slf4j-1.7.25.jar;C:\Users\kiran\.m2\repository\org\slf4j\jul-to-slf4j\1.7.25\jul-to-slf4j-1.7.25.jar;C:\Users\kiran\.m2\repository\org\slf4j\log4j-over-slf4j\1.7.25\log4j-over-slf4j-1.7.25.jar;C:\Users\kiran\.m2\repository\org\yaml\snakeyaml\1.17\snakeyaml-1.17.jar;C:\Users\kiran\.m2\repository\org\hibernate\hibernate-validator\5.3.6.Final\hibernate-validator-5.3.6.Final.jar;C:\Users\kiran\.m2\repository\javax\validation\validation-api\1.1.0.Final\validation-api-1.1.0.Final.jar;C:\Users\kiran\.m2\repository\org\jboss\logging\jboss-logging\3.3.1.Final\jboss-logging-3.3.1.Final.jar;C:\Users\kiran\.m2\repository\com\fasterxml\classmate\1.3.4\classmate-1.3.4.jar;C:\Users\kiran\.m2\repository\com\fasterxml\jackson\core\jackson-databind\2.8.10\jackson-databind-2.8.10.jar;C:\Users\kiran\.m2\repository\com\fasterxml\jackson\core\jackson-annotations\2.8.0\jackson-annotations-2.8.0.jar;C:\Users\kiran\.m2\repository\com\fasterxml\jackson\core\jackson-core\2.8.10\jackson-core-2.8.10.jar;C:\Users\kiran\.m2\repository\o
Launcher Type: SUN_STANDARD

Environment Variables:
JAVA_HOME=C:\Program Files (x86)\Java
PATH=C:/Program Files (x86)/Java/jre1.8.0_60/bin/client;C:/Program Files (x86)/Java/jre1.8.0_60/bin;C:/Program Files (x86)/Java/jre1.8.0_60/lib/i386;C:\oraclexe\app\oracle\product\11.2.0\server\bin;;C:\ProgramData\Oracle\Java\javapath;C:\Windows\system32;C:\Windows;C:\Windows\System32\Wbem;C:\Windows\System32\WindowsPowerShell\v1.0\;C:\Program Files (x86)\Java\jdk1.8.0_60\bin;C:\Program Files (x86)\Java\jre1.8.0_60\bin;C:\Users\kiran\Downloads\apache-maven-3.5.2-bin\apache-maven-3.5.2\bin;D:\Softwares\eclipse;
USERNAME=kiran
OS=Windows_NT
PROCESSOR_IDENTIFIER=Intel64 Family 6 Model 23 Stepping 10, GenuineIntel



---------------  S Y S T E M  ---------------

OS: Windows 7 , 64 bit Build 7600 (6.1.7600.16385)

CPU:total 2 (2 cores per cpu, 1 threads per core) family 6 model 23 stepping 10, cmov, cx8, fxsr, mmx, sse, sse2, sse3, ssse3, sse4.1, tsc

Memory: 4k page, physical 3089628k(534588k free), swap 6177360k(2294352k free)

vm_info: Java HotSpot(TM) Client VM (25.60-b23) for windows-x86 JRE (1.8.0_60-b27), built on Aug  4 2015 10:57:40 by "java_re" with MS VC++ 10.0 (VS2010)

time: Wed Feb 07 10:03:11 2018
elapsed time: 0 seconds (0d 0h 0m 0s)

